<?xml version="1.0" encoding="UTF-8"?>
<!-- Generated by org.testng.reporters.JUnitXMLReporter -->
<testsuite ignored="0" hostname="Venkatesh-Laptop" failures="0" tests="23" name="ApiTesting" time="23.355" errors="0" timestamp="2022-09-19T15:31:11 IST">
  <testcase classname="Testcases.GetAllUsers" name="f" time="1.481"/>
  <testcase classname="Testcases.GetSingleUser" name="f" time="1.487"/>
  <testcase classname="Testcases.GetAllResources" name="f" time="0.398"/>
  <testcase classname="Testcases.GetSingleResource" name="f" time="0.422"/>
  <testcase classname="Testcases.GetInvalidUser" name="f" time="0.769"/>
  <testcase classname="Testcases.GetInvalidResource" name="f" time="0.439"/>
  <testcase classname="Testcases.GetDelayedResponse" name="f" time="3.741"/>
  <testcase classname="Testcases.PostUser" name="f" time="0.825"/>
  <testcase classname="Testcases.PostRegisterUser" name="f" time="0.819"/>
  <testcase classname="Testcases.PostLoginUser" name="f" time="0.795"/>
  <testcase classname="Testcases.PostUnsuccessfulRegister" name="f" time="0.762"/>
  <testcase classname="Testcases.PostUnsuccessfulLogin" name="f" time="0.776"/>
  <testcase classname="Testcases.PatchUser" name="f" time="0.858"/>
  <testcase classname="Testcases.DeleteUser" name="f" time="0.773"/>
  <testcase classname="Testcases.DeleteInvalidUser" name="f" time="0.765"/>
  <testcase classname="Testcases.PostUnameCorrectPswrdIncorrectLogin" name="f" time="0.807"/>
  <testcase classname="Testcases.PostUnameIncorrectPswrdCorrectLogin" name="f" time="0.836"/>
  <testcase classname="Testcases.PostUnameIncorrectPswrdIncorrectLogin" name="f" time="2.217"/>
  <testcase classname="Testcases.PostIncorrectEmailRegister" name="f" time="0.941"/>
  <testcase classname="Testcases.PostIncorrectEmailMissingPasswordRegister" name="f" time="0.802"/>
  <testcase classname="Testcases.PatchUpdatingInvalidUser" name="f" time="0.867"/>
  <testcase classname="Testcases.PatchUpdateUserName" name="f" time="0.832"/>
  <testcase classname="Testcases.PutUser" name="f" time="0.892"/>
</testsuite> <!-- ApiTesting -->
