<?xml version="1.0" encoding="UTF-8"?>
<!-- Generated by org.testng.reporters.JUnitXMLReporter -->
<testsuite ignored="0" hostname="Venkatesh-Laptop" failures="0" tests="14" name="GetAllUsers" time="11.872" errors="0" timestamp="2022-09-12T17:32:05 IST">
  <testcase classname="Testcases.GetAllUsers" name="f" time="1.17"/>
  <testcase classname="Testcases.GetSingleUser" name="f" time="0.65"/>
  <testcase classname="Testcases.GetAllResources" name="f" time="0.102"/>
  <testcase classname="Testcases.GetSingleResource" name="f" time="0.362"/>
  <testcase classname="Testcases.GetInvalidUser" name="f" time="0.085"/>
  <testcase classname="Testcases.GetInvalidResource" name="f" time="1.104"/>
  <testcase classname="Testcases.GetUsersList" name="f" time="0.092"/>
  <testcase classname="Testcases.PostUser" name="f" time="1.655"/>
  <testcase classname="Testcases.PostRegisterUser" name="f" time="0.446"/>
  <testcase classname="Testcases.PostLoginUser" name="f" time="0.418"/>
  <testcase classname="Testcases.PostUnsuccessfulRegister" name="f" time="0.408"/>
  <testcase classname="Testcases.PostUnsuccessfulLogin" name="f" time="0.508"/>
  <testcase classname="Testcases.PatchUser" name="f" time="4.093"/>
  <testcase classname="Testcases.DeleteUser" name="f" time="0.719"/>
</testsuite> <!-- GetAllUsers -->
