<?xml version="1.0" encoding="UTF-8"?>
<!-- Generated by org.testng.reporters.JUnitXMLReporter -->
<testsuite ignored="0" hostname="Venkatesh-Laptop" failures="0" tests="23" name="ApiTesting" time="38.37" errors="0" timestamp="19 Sep 2022 11:06:18 GMT">
  <testcase classname="Testcases.GetAllUsers" name="f" time="1.744"/>
  <testcase classname="Testcases.GetSingleUser" name="f" time="4.214"/>
  <testcase classname="Testcases.GetAllResources" name="f" time="0.559"/>
  <testcase classname="Testcases.GetSingleResource" name="f" time="0.579"/>
  <testcase classname="Testcases.GetInvalidUser" name="f" time="0.947"/>
  <testcase classname="Testcases.GetInvalidResource" name="f" time="1.173"/>
  <testcase classname="Testcases.GetDelayedResponse" name="f" time="3.948"/>
  <testcase classname="Testcases.PostUser" name="f" time="1.015"/>
  <testcase classname="Testcases.PostRegisterUser" name="f" time="1.237"/>
  <testcase classname="Testcases.PostLoginUser" name="f" time="1.018"/>
  <testcase classname="Testcases.PostUnsuccessfulRegister" name="f" time="0.993"/>
  <testcase classname="Testcases.PostUnsuccessfulLogin" name="f" time="5.561"/>
  <testcase classname="Testcases.PatchUser" name="f" time="1.19"/>
  <testcase classname="Testcases.DeleteUser" name="f" time="0.956"/>
  <testcase classname="Testcases.DeleteInvalidUser" name="f" time="0.958"/>
  <testcase classname="Testcases.PostUnameCorrectPswrdIncorrectLogin" name="f" time="1.144"/>
  <testcase classname="Testcases.PostUnameIncorrectPswrdCorrectLogin" name="f" time="0.987"/>
  <testcase classname="Testcases.PostUnameIncorrectPswrdIncorrectLogin" name="f" time="1.131"/>
  <testcase classname="Testcases.PostIncorrectEmailRegister" name="f" time="1.205"/>
  <testcase classname="Testcases.PostIncorrectEmailMissingPasswordRegister" name="f" time="1.107"/>
  <testcase classname="Testcases.PatchUpdatingInvalidUser" name="f" time="3.02"/>
  <testcase classname="Testcases.PatchUpdateUserName" name="f" time="1.182"/>
  <testcase classname="Testcases.PutUser" name="f" time="2.476"/>
</testsuite> <!-- ApiTesting -->
