<?xml version="1.0" encoding="UTF-8"?>
<testsuite xmlns:xsi="http://www.w3.org/2001/XMLSchema-instance" xsi:noNamespaceSchemaLocation="https://maven.apache.org/surefire/maven-surefire-plugin/xsd/surefire-test-report-3.0.xsd" version="3.0" name="TestSuite" time="39.264" tests="23" errors="0" skipped="0" failures="0">
  <properties>
[...]
</properties>
  <testcase name="f" classname="Testcases.GetAllUsers" time="1.745">
    <system-out><![CDATA[[TestNGContentHandler] [WARN] It is strongly recommended to add "<!DOCTYPE suite SYSTEM "http://testng.org/testng-1.0.dtd" >" at the top of your file, otherwise TestNG may fail or not work as expected.
Reading all users
200
HTTP/1.1 200 OK
442
{
    "page": 2,
    "per_page": 6,
    "total": 12,
    "total_pages": 2,
    "data": [
        {
            "id": 7,
            "email": "michael.lawson@reqres.in",
            "first_name": "Michael",
            "last_name": "Lawson",
            "avatar": "https://reqres.in/img/faces/7-image.jpg"
        },
        {
            "id": 8,
            "email": "lindsay.ferguson@reqres.in",
            "first_name": "Lindsay",
            "last_name": "Ferguson",
            "avatar": "https://reqres.in/img/faces/8-image.jpg"
        },
        {
            "id": 9,
            "email": "tobias.funke@reqres.in",
            "first_name": "Tobias",
            "last_name": "Funke",
            "avatar": "https://reqres.in/img/faces/9-image.jpg"
        },
        {
            "id": 10,
            "email": "byron.fields@reqres.in",
            "first_name": "Byron",
            "last_name": "Fields",
            "avatar": "https://reqres.in/img/faces/10-image.jpg"
        },
        {
            "id": 11,
            "email": "george.edwards@reqres.in",
            "first_name": "George",
            "last_name": "Edwards",
            "avatar": "https://reqres.in/img/faces/11-image.jpg"
        },
        {
            "id": 12,
            "email": "rachel.howell@reqres.in",
            "first_name": "Rachel",
            "last_name": "Howell",
            "avatar": "https://reqres.in/img/faces/12-image.jpg"
        }
    ],
    "support": {
        "url": "https://reqres.in/#support-heading",
        "text": "To keep ReqRes free, contributions towards server costs are appreciated!"
    }
}
]]></system-out>
    <system-err><![CDATA[log4j:WARN No appenders could be found for logger (org.apache.http.impl.conn.BasicClientConnectionManager).
log4j:WARN Please initialize the log4j system properly.
]]></system-err>
  </testcase>
  <testcase name="f" classname="Testcases.GetSingleUser" time="4.214">
    <system-out><![CDATA[Reading single user
HTTP/1.1 200 OK
3693
{
    "data": {
        "id": 2,
        "email": "janet.weaver@reqres.in",
        "first_name": "Janet",
        "last_name": "Weaver",
        "avatar": "https://reqres.in/img/faces/2-image.jpg"
    },
    "support": {
        "url": "https://reqres.in/#support-heading",
        "text": "To keep ReqRes free, contributions towards server costs are appreciated!"
    }
}
]]></system-out>
  </testcase>
  <testcase name="f" classname="Testcases.GetAllResources" time="0.558">
    <system-out><![CDATA[Reading all resources
200
HTTP/1.1 200 OK
93
{
    "page": 1,
    "per_page": 6,
    "total": 12,
    "total_pages": 2,
    "data": [
        {
            "id": 1,
            "name": "cerulean",
            "year": 2000,
            "color": "#98B2D1",
            "pantone_value": "15-4020"
        },
        {
            "id": 2,
            "name": "fuchsia rose",
            "year": 2001,
            "color": "#C74375",
            "pantone_value": "17-2031"
        },
        {
            "id": 3,
            "name": "true red",
            "year": 2002,
            "color": "#BF1932",
            "pantone_value": "19-1664"
        },
        {
            "id": 4,
            "name": "aqua sky",
            "year": 2003,
            "color": "#7BC4C4",
            "pantone_value": "14-4811"
        },
        {
            "id": 5,
            "name": "tigerlily",
            "year": 2004,
            "color": "#E2583E",
            "pantone_value": "17-1456"
        },
        {
            "id": 6,
            "name": "blue turquoise",
            "year": 2005,
            "color": "#53B0AE",
            "pantone_value": "15-5217"
        }
    ],
    "support": {
        "url": "https://reqres.in/#support-heading",
        "text": "To keep ReqRes free, contributions towards server costs are appreciated!"
    }
}
]]></system-out>
  </testcase>
  <testcase name="f" classname="Testcases.GetSingleResource" time="0.58">
    <system-out><![CDATA[Reading single resource
{
    "data": {
        "id": 2,
        "name": "fuchsia rose",
        "year": 2001,
        "color": "#C74375",
        "pantone_value": "17-2031"
    },
    "support": {
        "url": "https://reqres.in/#support-heading",
        "text": "To keep ReqRes free, contributions towards server costs are appreciated!"
    }
}
200
HTTP/1.1 200 OK
103
]]></system-out>
  </testcase>
  <testcase name="f" classname="Testcases.GetInvalidUser" time="0.948">
    <system-out><![CDATA[{
    
}
404
User not exists
]]></system-out>
  </testcase>
  <testcase name="f" classname="Testcases.GetInvalidResource" time="1.174">
    <system-out><![CDATA[{
    
}
404
HTTP/1.1 404 Not Found
618
Resource not exists
]]></system-out>
  </testcase>
  <testcase name="f" classname="Testcases.GetDelayedResponse" time="3.949">
    <system-out><![CDATA[Delayed Response
{
    "page": 1,
    "per_page": 6,
    "total": 12,
    "total_pages": 2,
    "data": [
        {
            "id": 1,
            "email": "george.bluth@reqres.in",
            "first_name": "George",
            "last_name": "Bluth",
            "avatar": "https://reqres.in/img/faces/1-image.jpg"
        },
        {
            "id": 2,
            "email": "janet.weaver@reqres.in",
            "first_name": "Janet",
            "last_name": "Weaver",
            "avatar": "https://reqres.in/img/faces/2-image.jpg"
        },
        {
            "id": 3,
            "email": "emma.wong@reqres.in",
            "first_name": "Emma",
            "last_name": "Wong",
            "avatar": "https://reqres.in/img/faces/3-image.jpg"
        },
        {
            "id": 4,
            "email": "eve.holt@reqres.in",
            "first_name": "Eve",
            "last_name": "Holt",
            "avatar": "https://reqres.in/img/faces/4-image.jpg"
        },
        {
            "id": 5,
            "email": "charles.morris@reqres.in",
            "first_name": "Charles",
            "last_name": "Morris",
            "avatar": "https://reqres.in/img/faces/5-image.jpg"
        },
        {
            "id": 6,
            "email": "tracey.ramos@reqres.in",
            "first_name": "Tracey",
            "last_name": "Ramos",
            "avatar": "https://reqres.in/img/faces/6-image.jpg"
        }
    ],
    "support": {
        "url": "https://reqres.in/#support-heading",
        "text": "To keep ReqRes free, contributions towards server costs are appreciated!"
    }
}
]]></system-out>
  </testcase>
  <testcase name="f" classname="Testcases.PostUser" time="1.015">
    <system-out><![CDATA[Creating new user
{
    "name": "morpheus",
    "job": "leader",
    "id": "887",
    "createdAt": "2022-09-19T11:05:53.530Z"
}
]]></system-out>
  </testcase>
  <testcase name="f" classname="Testcases.PostRegisterUser" time="1.238">
    <system-out><![CDATA[user registered
200
{
    "id": 4,
    "token": "QpwL5tke4Pnpja7X4"
}

]]></system-out>
  </testcase>
  <testcase name="f" classname="Testcases.PostLoginUser" time="1.018">
    <system-out><![CDATA[200
user login successful
{
    "token": "QpwL5tke4Pnpja7X4"
}
]]></system-out>
  </testcase>
  <testcase name="f" classname="Testcases.PostUnsuccessfulRegister" time="0.993">
    <system-out><![CDATA[Invalid user registration
400
{
    "error": "Missing password"
}
user not registered
]]></system-out>
  </testcase>
  <testcase name="f" classname="Testcases.PostUnsuccessfulLogin" time="5.562">
    <system-out><![CDATA[Invalid user login
400
{
    "error": "Missing password"
}
user login unsuccessful
]]></system-out>
  </testcase>
  <testcase name="f" classname="Testcases.PatchUser" time="1.19">
    <system-out><![CDATA[Updating user details
Patch Updation successful
200
{
    "updatedAt": "2022-09-19T11:06:03.463Z"
}
]]></system-out>
  </testcase>
  <testcase name="f" classname="Testcases.DeleteUser" time="0.956">
    <system-out><![CDATA[204
record deleted.

]]></system-out>
  </testcase>
  <testcase name="f" classname="Testcases.DeleteInvalidUser" time="0.958">
    <system-out><![CDATA[204

record deletion unsuccessful
]]></system-out>
  </testcase>
  <testcase name="f" classname="Testcases.PostUnameCorrectPswrdIncorrectLogin" time="1.145">
    <system-out><![CDATA[200
{
    "token": "QpwL5tke4Pnpja7X4"
}
login successful
]]></system-out>
  </testcase>
  <testcase name="f" classname="Testcases.PostUnameIncorrectPswrdCorrectLogin" time="0.988">
    <system-out><![CDATA[400
user login successful
{
    "error": "user not found"
}
login unsuccessful
]]></system-out>
  </testcase>
  <testcase name="f" classname="Testcases.PostUnameIncorrectPswrdIncorrectLogin" time="1.131">
    <system-out><![CDATA[400
{
    "error": "user not found"
}
login unsuccessful
]]></system-out>
  </testcase>
  <testcase name="f" classname="Testcases.PostIncorrectEmailRegister" time="1.204">
    <system-out><![CDATA[404
<html lang="en">
  <head>
    <script>
            ;(function (w, d, s, l, i) {
                w[l] = w[l] || []
                w[l].push({
                    'gtm.start': new Date().getTime(),
                    event: 'gtm.js',
                })
                var f = d.getElementsByTagName(s)[0],
                    j = d.createElement(s),
                    dl = l != 'dataLayer' ? '&amp;l=' + l : ''
                j.async = true
                j.src = 'https://www.googletagmanager.com/gtm.js?id=' + i + dl
                f.parentNode.insertBefore(j, f)
            })(window, document, 'script', 'dataLayer', 'GTM-KB622KF')
        </script>
    <script src="https://js.stripe.com/v3/"/>
    <meta charset="utf-8"/>
    <meta name="viewport" content="width=device-width, initial-scale=1.0, maximum-scale=1.0"/>
    <meta name="description" content="A hosted REST-API ready to respond to your AJAX requests"/>
    <title>
            Reqres - A hosted REST-API ready to respond to your AJAX requests
        </title>
    <link href="//maxcdn.bootstrapcdn.com/font-awesome/4.2.0/css/font-awesome.min.css" rel="stylesheet"/>
    <link rel="stylesheet" href="/css/app.css"/>
    <script type="text/javascript" src="//m.servedby-buysellads.com/monetization.custom.js"/>
  </head>
  <body>
    <div class="header-content">
      <header class="main-header">
        <section class="wrap">
          <h1 class="logo">
            <a shape="rect" href="/">
              <img src="/img/logo.png" alt=""/>
            </a>
          </h1>
        </section>
      </header>
      <main class="the-sell">
        <div class="wrap">
          <h2 class="tagline">
                        Test your front-end against a real API
                    </h2>
          <section class="key-sells">
            <div class="sell">
              <div class="v-center">
                <h3>Fake data</h3>
                <p>
                                    No more tedious sample data creation, we've
                                    got it covered.
                                </p>
              </div>
              <i class="fa fa-cloud-download"/>
            </div>
            <div class="sell">
              <div class="v-center">
                <h3>Real responses</h3>
                <p>
                                    Develop with real response codes. GET, POST,
                                    PUT &amp; DELETE supported.
                                </p>
              </div>
              <i class="fa fa-code"/>
            </div>
            <div class="sell">
              <div class="v-center">
                <h3>Always-on</h3>
                <p>

                                    24/7                   <strong>
                    <em>free</em>
                  </strong>
 access
                                    in your development phases. Go nuts.
                                                </p>
              </div>
              <i class="fa fa-toggle-on"/>
            </div>
          </section>
          <h2 class="tagline">
                        A hosted REST-API ready to respond to your AJAX
                        requests.
                    </h2>
          <div class="t-center main-arrow">
            <i class="fa fa-arrow-circle-down"/>
          </div>
          <script id="_carbonads_js" async="async" type="text/javascript" src="//cdn.carbonads.com/carbon.js?serve=CE7D6K3E&amp;placement=reqresin"/>
        </div>
      </main>
    </div>
    <div class="container">404</div>
    <footer>
      <div class="wrap">
        <hr class="dark"/>
        <p class="t-center">

                    Made for developers and designers by
                              <a shape="rect" href="https://benhowdle.im">Ben Howdle</a>
        </p>
      </div>
    </footer>
    <script type="text/javascript" src="https://cdnjs.cloudflare.com/ajax/libs/fastclick/1.0.3/fastclick.min.js"/>
    <script src="/js/app.js"/>
    <script async="async" src="https://www.googletagmanager.com/gtag/js?id=UA-174008107-1"/>
    <script>
            window.dataLayer = window.dataLayer || []
            function gtag() {
                dataLayer.push(arguments)
            }
            gtag('js', new Date())

            gtag('config', 'UA-174008107-1')
        </script>
    <script>
            ;(function (i, s, o, g, r, a, m) {
                i['GoogleAnalyticsObject'] = r
                ;(i[r] =
                    i[r] ||
                    function () {
                        ;(i[r].q = i[r].q || []).push(arguments)
                    }),
                    (i[r].l = 1 * new Date())
                ;(a = s.createElement(o)), (m = s.getElementsByTagName(o)[0])
                a.async = 1
                a.src = g
                m.parentNode.insertBefore(a, m)
            })(
                window,
                document,
                'script',
                '//www.google-analytics.com/analytics.js',
                'ga'
            )

            ga('create', 'UA-55888877-1', 'auto')
            ga('send', 'pageview')
        </script>
    <script>
            ;(function () {
                if (typeof _bsa !== 'undefined' &amp;&amp; _bsa) {
                    _bsa.init(
                        'custom',
                        'CEBIP53J',
                        'placement:reqresin-sponsor',
                        {
                            target: '#impeccable-js',
                            template: `
        &lt;a href="##link##" rel="sponsored noopener" target="_blank" title="##company## — ##tagline##"&gt;
        &lt;img src="##logo##" style="background-color: ##backgroundColor##"&gt;
        &lt;div class="sponsor-description"&gt;##description##&lt;/div&gt;
        &lt;div class="sponsor-cta" style="background-color: ##backgroundColor##; color: ##textColor##"&gt;##callToAction##&lt;/div&gt;
        &lt;/a&gt;
        `,
                        }
                    )
                }
            })()
        </script>
  </body>
</html>

]]></system-out>
  </testcase>
  <testcase name="f" classname="Testcases.PostIncorrectEmailMissingPasswordRegister" time="1.108">
    <system-out><![CDATA[Invalid user registration
400
{
    "error": "Missing password"
}
user not registered
]]></system-out>
  </testcase>
  <testcase name="f" classname="Testcases.PatchUpdatingInvalidUser" time="3.02">
    <system-out><![CDATA[Updating user details
Patch Updation successful
200
{
    "updatedAt": "2022-09-19T11:06:14.062Z"
}
]]></system-out>
  </testcase>
  <testcase name="f" classname="Testcases.PatchUpdateUserName" time="1.182">
    <system-out><![CDATA[Updating user details
Patch Updation successful
200
{
    "updatedAt": "2022-09-19T11:06:15.177Z"
}
]]></system-out>
  </testcase>
  <testcase name="f" classname="Testcases.PutUser" time="2.476">
    <system-out><![CDATA[Updating user details
Put Updation successful
200
{
    "updatedAt": "2022-09-19T11:06:17.714Z"
}
]]></system-out>
  </testcase>
</testsuite>