<?xml version="1.0" encoding="UTF-8"?>
<testng-results ignored="0" total="23" passed="23" failed="0" skipped="0">
  <reporter-output>
  </reporter-output>
  <suite started-at="2022-09-19T11:05:39Z" name="Suite" finished-at="2022-09-19T11:06:18Z" duration-ms="38370">
    <groups>
    </groups>
    <test started-at="2022-09-19T11:05:39Z" name="ApiTesting" finished-at="2022-09-19T11:06:18Z" duration-ms="38370">
      <class name="Testcases.GetInvalidUser">
        <test-method signature="f()[pri:0, instance:Testcases.GetInvalidUser@2cf3d63b]" started-at="2022-09-19T11:05:46Z" name="f" finished-at="2022-09-19T11:05:47Z" duration-ms="947" status="PASS">
          <reporter-output>
          </reporter-output>
        </test-method> <!-- f -->
      </class> <!-- Testcases.GetInvalidUser -->
      <class name="Testcases.PostRegisterUser">
        <test-method signature="f()[pri:0, instance:Testcases.PostRegisterUser@25ce9dc4]" started-at="2022-09-19T11:05:54Z" name="f" finished-at="2022-09-19T11:05:55Z" duration-ms="1237" status="PASS">
          <reporter-output>
          </reporter-output>
        </test-method> <!-- f -->
      </class> <!-- Testcases.PostRegisterUser -->
      <class name="Testcases.PostIncorrectEmailMissingPasswordRegister">
        <test-method signature="f()[pri:0, instance:Testcases.PostIncorrectEmailMissingPasswordRegister@543295b0]" started-at="2022-09-19T11:06:10Z" name="f" finished-at="2022-09-19T11:06:11Z" duration-ms="1107" status="PASS">
          <reporter-output>
          </reporter-output>
        </test-method> <!-- f -->
      </class> <!-- Testcases.PostIncorrectEmailMissingPasswordRegister -->
      <class name="Testcases.GetDelayedResponse">
        <test-method signature="f()[pri:0, instance:Testcases.GetDelayedResponse@69e153c5]" started-at="2022-09-19T11:05:49Z" name="f" finished-at="2022-09-19T11:05:52Z" duration-ms="3948" status="PASS">
          <reporter-output>
          </reporter-output>
        </test-method> <!-- f -->
      </class> <!-- Testcases.GetDelayedResponse -->
      <class name="Testcases.PostUser">
        <test-method signature="f()[pri:0, instance:Testcases.PostUser@173ed316]" started-at="2022-09-19T11:05:52Z" name="f" finished-at="2022-09-19T11:05:54Z" duration-ms="1015" status="PASS">
          <reporter-output>
          </reporter-output>
        </test-method> <!-- f -->
      </class> <!-- Testcases.PostUser -->
      <class name="Testcases.GetAllUsers">
        <test-method signature="f()[pri:0, instance:Testcases.GetAllUsers@4b741d6d]" started-at="2022-09-19T11:05:39Z" name="f" finished-at="2022-09-19T11:05:41Z" duration-ms="1744" status="PASS">
          <reporter-output>
          </reporter-output>
        </test-method> <!-- f -->
      </class> <!-- Testcases.GetAllUsers -->
      <class name="Testcases.PostUnameCorrectPswrdIncorrectLogin">
        <test-method signature="f()[pri:0, instance:Testcases.PostUnameCorrectPswrdIncorrectLogin@5d0bf09b]" started-at="2022-09-19T11:06:05Z" name="f" finished-at="2022-09-19T11:06:07Z" duration-ms="1144" status="PASS">
          <reporter-output>
          </reporter-output>
        </test-method> <!-- f -->
      </class> <!-- Testcases.PostUnameCorrectPswrdIncorrectLogin -->
      <class name="Testcases.PostUnameIncorrectPswrdCorrectLogin">
        <test-method signature="f()[pri:0, instance:Testcases.PostUnameIncorrectPswrdCorrectLogin@793f29ff]" started-at="2022-09-19T11:06:07Z" name="f" finished-at="2022-09-19T11:06:08Z" duration-ms="987" status="PASS">
          <reporter-output>
          </reporter-output>
        </test-method> <!-- f -->
      </class> <!-- Testcases.PostUnameIncorrectPswrdCorrectLogin -->
      <class name="Testcases.PostIncorrectEmailRegister">
        <test-method signature="f()[pri:0, instance:Testcases.PostIncorrectEmailRegister@563f38c4]" started-at="2022-09-19T11:06:09Z" name="f" finished-at="2022-09-19T11:06:10Z" duration-ms="1205" status="PASS">
          <reporter-output>
          </reporter-output>
        </test-method> <!-- f -->
      </class> <!-- Testcases.PostIncorrectEmailRegister -->
      <class name="Testcases.GetAllResources">
        <test-method signature="f()[pri:0, instance:Testcases.GetAllResources@8f2ef19]" started-at="2022-09-19T11:05:45Z" name="f" finished-at="2022-09-19T11:05:46Z" duration-ms="559" status="PASS">
          <reporter-output>
          </reporter-output>
        </test-method> <!-- f -->
      </class> <!-- Testcases.GetAllResources -->
      <class name="Testcases.DeleteUser">
        <test-method signature="f()[pri:0, instance:Testcases.DeleteUser@2af004b]" started-at="2022-09-19T11:06:04Z" name="f" finished-at="2022-09-19T11:06:04Z" duration-ms="956" status="PASS">
          <reporter-output>
          </reporter-output>
        </test-method> <!-- f -->
      </class> <!-- Testcases.DeleteUser -->
      <class name="Testcases.PatchUpdatingInvalidUser">
        <test-method signature="f()[pri:0, instance:Testcases.PatchUpdatingInvalidUser@54422e18]" started-at="2022-09-19T11:06:11Z" name="f" finished-at="2022-09-19T11:06:14Z" duration-ms="3020" status="PASS">
          <reporter-output>
          </reporter-output>
        </test-method> <!-- f -->
      </class> <!-- Testcases.PatchUpdatingInvalidUser -->
      <class name="Testcases.PatchUser">
        <test-method signature="f()[pri:0, instance:Testcases.PatchUser@27406a17]" started-at="2022-09-19T11:06:02Z" name="f" finished-at="2022-09-19T11:06:04Z" duration-ms="1190" status="PASS">
          <reporter-output>
          </reporter-output>
        </test-method> <!-- f -->
      </class> <!-- Testcases.PatchUser -->
      <class name="Testcases.PostUnameIncorrectPswrdIncorrectLogin">
        <test-method signature="f()[pri:0, instance:Testcases.PostUnameIncorrectPswrdIncorrectLogin@3e8c3cb]" started-at="2022-09-19T11:06:08Z" name="f" finished-at="2022-09-19T11:06:09Z" duration-ms="1131" status="PASS">
          <reporter-output>
          </reporter-output>
        </test-method> <!-- f -->
      </class> <!-- Testcases.PostUnameIncorrectPswrdIncorrectLogin -->
      <class name="Testcases.PostLoginUser">
        <test-method signature="f()[pri:0, instance:Testcases.PostLoginUser@74ea2410]" started-at="2022-09-19T11:05:55Z" name="f" finished-at="2022-09-19T11:05:56Z" duration-ms="1018" status="PASS">
          <reporter-output>
          </reporter-output>
        </test-method> <!-- f -->
      </class> <!-- Testcases.PostLoginUser -->
      <class name="Testcases.DeleteInvalidUser">
        <test-method signature="f()[pri:0, instance:Testcases.DeleteInvalidUser@248e319b]" started-at="2022-09-19T11:06:04Z" name="f" finished-at="2022-09-19T11:06:05Z" duration-ms="958" status="PASS">
          <reporter-output>
          </reporter-output>
        </test-method> <!-- f -->
      </class> <!-- Testcases.DeleteInvalidUser -->
      <class name="Testcases.PostUnsuccessfulRegister">
        <test-method signature="f()[pri:0, instance:Testcases.PostUnsuccessfulRegister@17f62e33]" started-at="2022-09-19T11:05:56Z" name="f" finished-at="2022-09-19T11:05:57Z" duration-ms="993" status="PASS">
          <reporter-output>
          </reporter-output>
        </test-method> <!-- f -->
      </class> <!-- Testcases.PostUnsuccessfulRegister -->
      <class name="Testcases.GetSingleResource">
        <test-method signature="f()[pri:0, instance:Testcases.GetSingleResource@470734c3]" started-at="2022-09-19T11:05:46Z" name="f" finished-at="2022-09-19T11:05:46Z" duration-ms="579" status="PASS">
          <reporter-output>
          </reporter-output>
        </test-method> <!-- f -->
      </class> <!-- Testcases.GetSingleResource -->
      <class name="Testcases.GetInvalidResource">
        <test-method signature="f()[pri:0, instance:Testcases.GetInvalidResource@7674f035]" started-at="2022-09-19T11:05:47Z" name="f" finished-at="2022-09-19T11:05:49Z" duration-ms="1173" status="PASS">
          <reporter-output>
          </reporter-output>
        </test-method> <!-- f -->
      </class> <!-- Testcases.GetInvalidResource -->
      <class name="Testcases.GetSingleUser">
        <test-method signature="f()[pri:0, instance:Testcases.GetSingleUser@2eae8e6e]" started-at="2022-09-19T11:05:41Z" name="f" finished-at="2022-09-19T11:05:45Z" duration-ms="4214" status="PASS">
          <reporter-output>
          </reporter-output>
        </test-method> <!-- f -->
      </class> <!-- Testcases.GetSingleUser -->
      <class name="Testcases.PostUnsuccessfulLogin">
        <test-method signature="f()[pri:0, instance:Testcases.PostUnsuccessfulLogin@76b1e9b8]" started-at="2022-09-19T11:05:57Z" name="f" finished-at="2022-09-19T11:06:02Z" duration-ms="5561" status="PASS">
          <reporter-output>
          </reporter-output>
        </test-method> <!-- f -->
      </class> <!-- Testcases.PostUnsuccessfulLogin -->
      <class name="Testcases.PatchUpdateUserName">
        <test-method signature="f()[pri:0, instance:Testcases.PatchUpdateUserName@117159c0]" started-at="2022-09-19T11:06:14Z" name="f" finished-at="2022-09-19T11:06:15Z" duration-ms="1182" status="PASS">
          <reporter-output>
          </reporter-output>
        </test-method> <!-- f -->
      </class> <!-- Testcases.PatchUpdateUserName -->
      <class name="Testcases.PutUser">
        <test-method signature="f()[pri:0, instance:Testcases.PutUser@3e27ba32]" started-at="2022-09-19T11:06:15Z" name="f" finished-at="2022-09-19T11:06:18Z" duration-ms="2476" status="PASS">
          <reporter-output>
          </reporter-output>
        </test-method> <!-- f -->
      </class> <!-- Testcases.PutUser -->
    </test> <!-- ApiTesting -->
  </suite> <!-- Suite -->
</testng-results>
