<?xml version="1.0" encoding="UTF-8"?>
<testng-results ignored="0" total="23" passed="23" failed="0" skipped="0">
  <reporter-output>
  </reporter-output>
  <suite started-at="2022-09-19T15:30:47 IST" name="Suite" finished-at="2022-09-19T15:31:11 IST" duration-ms="23355">
    <groups>
    </groups>
    <test started-at="2022-09-19T15:30:47 IST" name="ApiTesting" finished-at="2022-09-19T15:31:11 IST" duration-ms="23355">
      <class name="Testcases.PostRegisterUser">
        <test-method signature="f()[pri:0, instance:Testcases.PostRegisterUser@5a63f509]" started-at="2022-09-19T15:30:57 IST" name="f" finished-at="2022-09-19T15:30:58 IST" duration-ms="819" status="PASS">
          <reporter-output>
          </reporter-output>
        </test-method> <!-- f -->
      </class> <!-- Testcases.PostRegisterUser -->
      <class name="Testcases.GetInvalidUser">
        <test-method signature="f()[pri:0, instance:Testcases.GetInvalidUser@70e8f8e]" started-at="2022-09-19T15:30:51 IST" name="f" finished-at="2022-09-19T15:30:52 IST" duration-ms="769" status="PASS">
          <reporter-output>
          </reporter-output>
        </test-method> <!-- f -->
      </class> <!-- Testcases.GetInvalidUser -->
      <class name="Testcases.PostIncorrectEmailMissingPasswordRegister">
        <test-method signature="f()[pri:0, instance:Testcases.PostIncorrectEmailMissingPasswordRegister@a9cd3b1]" started-at="2022-09-19T15:31:07 IST" name="f" finished-at="2022-09-19T15:31:08 IST" duration-ms="802" status="PASS">
          <reporter-output>
          </reporter-output>
        </test-method> <!-- f -->
      </class> <!-- Testcases.PostIncorrectEmailMissingPasswordRegister -->
      <class name="Testcases.GetDelayedResponse">
        <test-method signature="f()[pri:0, instance:Testcases.GetDelayedResponse@5bd03f44]" started-at="2022-09-19T15:30:52 IST" name="f" finished-at="2022-09-19T15:30:56 IST" duration-ms="3741" status="PASS">
          <reporter-output>
          </reporter-output>
        </test-method> <!-- f -->
      </class> <!-- Testcases.GetDelayedResponse -->
      <class name="Testcases.GetAllUsers">
        <test-method signature="f()[pri:0, instance:Testcases.GetAllUsers@3c419631]" started-at="2022-09-19T15:30:47 IST" name="f" finished-at="2022-09-19T15:30:49 IST" duration-ms="1481" status="PASS">
          <reporter-output>
          </reporter-output>
        </test-method> <!-- f -->
      </class> <!-- Testcases.GetAllUsers -->
      <class name="Testcases.PostUser">
        <test-method signature="f()[pri:0, instance:Testcases.PostUser@29626d54]" started-at="2022-09-19T15:30:56 IST" name="f" finished-at="2022-09-19T15:30:57 IST" duration-ms="825" status="PASS">
          <reporter-output>
          </reporter-output>
        </test-method> <!-- f -->
      </class> <!-- Testcases.PostUser -->
      <class name="Testcases.PostUnameCorrectPswrdIncorrectLogin">
        <test-method signature="f()[pri:0, instance:Testcases.PostUnameCorrectPswrdIncorrectLogin@353d0772]" started-at="2022-09-19T15:31:03 IST" name="f" finished-at="2022-09-19T15:31:03 IST" duration-ms="807" status="PASS">
          <reporter-output>
          </reporter-output>
        </test-method> <!-- f -->
      </class> <!-- Testcases.PostUnameCorrectPswrdIncorrectLogin -->
      <class name="Testcases.PostUnameIncorrectPswrdCorrectLogin">
        <test-method signature="f()[pri:0, instance:Testcases.PostUnameIncorrectPswrdCorrectLogin@2667f029]" started-at="2022-09-19T15:31:03 IST" name="f" finished-at="2022-09-19T15:31:04 IST" duration-ms="836" status="PASS">
          <reporter-output>
          </reporter-output>
        </test-method> <!-- f -->
      </class> <!-- Testcases.PostUnameIncorrectPswrdCorrectLogin -->
      <class name="Testcases.PostIncorrectEmailRegister">
        <test-method signature="f()[pri:0, instance:Testcases.PostIncorrectEmailRegister@57c758ac]" started-at="2022-09-19T15:31:06 IST" name="f" finished-at="2022-09-19T15:31:07 IST" duration-ms="941" status="PASS">
          <reporter-output>
          </reporter-output>
        </test-method> <!-- f -->
      </class> <!-- Testcases.PostIncorrectEmailRegister -->
      <class name="Testcases.GetAllResources">
        <test-method signature="f()[pri:0, instance:Testcases.GetAllResources@72a7c7e0]" started-at="2022-09-19T15:30:50 IST" name="f" finished-at="2022-09-19T15:30:51 IST" duration-ms="398" status="PASS">
          <reporter-output>
          </reporter-output>
        </test-method> <!-- f -->
      </class> <!-- Testcases.GetAllResources -->
      <class name="Testcases.DeleteUser">
        <test-method signature="f()[pri:0, instance:Testcases.DeleteUser@19bb07ed]" started-at="2022-09-19T15:31:01 IST" name="f" finished-at="2022-09-19T15:31:02 IST" duration-ms="773" status="PASS">
          <reporter-output>
          </reporter-output>
        </test-method> <!-- f -->
      </class> <!-- Testcases.DeleteUser -->
      <class name="Testcases.PatchUpdatingInvalidUser">
        <test-method signature="f()[pri:0, instance:Testcases.PatchUpdatingInvalidUser@13e39c73]" started-at="2022-09-19T15:31:08 IST" name="f" finished-at="2022-09-19T15:31:09 IST" duration-ms="867" status="PASS">
          <reporter-output>
          </reporter-output>
        </test-method> <!-- f -->
      </class> <!-- Testcases.PatchUpdatingInvalidUser -->
      <class name="Testcases.PatchUser">
        <test-method signature="f()[pri:0, instance:Testcases.PatchUser@4b0b0854]" started-at="2022-09-19T15:31:00 IST" name="f" finished-at="2022-09-19T15:31:01 IST" duration-ms="858" status="PASS">
          <reporter-output>
          </reporter-output>
        </test-method> <!-- f -->
      </class> <!-- Testcases.PatchUser -->
      <class name="Testcases.PostLoginUser">
        <test-method signature="f()[pri:0, instance:Testcases.PostLoginUser@6e4784bc]" started-at="2022-09-19T15:30:58 IST" name="f" finished-at="2022-09-19T15:30:59 IST" duration-ms="795" status="PASS">
          <reporter-output>
          </reporter-output>
        </test-method> <!-- f -->
      </class> <!-- Testcases.PostLoginUser -->
      <class name="Testcases.PostUnameIncorrectPswrdIncorrectLogin">
        <test-method signature="f()[pri:0, instance:Testcases.PostUnameIncorrectPswrdIncorrectLogin@67a20f67]" started-at="2022-09-19T15:31:04 IST" name="f" finished-at="2022-09-19T15:31:06 IST" duration-ms="2217" status="PASS">
          <reporter-output>
          </reporter-output>
        </test-method> <!-- f -->
      </class> <!-- Testcases.PostUnameIncorrectPswrdIncorrectLogin -->
      <class name="Testcases.DeleteInvalidUser">
        <test-method signature="f()[pri:0, instance:Testcases.DeleteInvalidUser@10e41621]" started-at="2022-09-19T15:31:02 IST" name="f" finished-at="2022-09-19T15:31:03 IST" duration-ms="765" status="PASS">
          <reporter-output>
          </reporter-output>
        </test-method> <!-- f -->
      </class> <!-- Testcases.DeleteInvalidUser -->
      <class name="Testcases.PostUnsuccessfulRegister">
        <test-method signature="f()[pri:0, instance:Testcases.PostUnsuccessfulRegister@34b7ac2f]" started-at="2022-09-19T15:30:59 IST" name="f" finished-at="2022-09-19T15:30:59 IST" duration-ms="762" status="PASS">
          <reporter-output>
          </reporter-output>
        </test-method> <!-- f -->
      </class> <!-- Testcases.PostUnsuccessfulRegister -->
      <class name="Testcases.GetSingleResource">
        <test-method signature="f()[pri:0, instance:Testcases.GetSingleResource@2e4b8173]" started-at="2022-09-19T15:30:51 IST" name="f" finished-at="2022-09-19T15:30:51 IST" duration-ms="422" status="PASS">
          <reporter-output>
          </reporter-output>
        </test-method> <!-- f -->
      </class> <!-- Testcases.GetSingleResource -->
      <class name="Testcases.GetInvalidResource">
        <test-method signature="f()[pri:0, instance:Testcases.GetInvalidResource@17046283]" started-at="2022-09-19T15:30:52 IST" name="f" finished-at="2022-09-19T15:30:52 IST" duration-ms="439" status="PASS">
          <reporter-output>
          </reporter-output>
        </test-method> <!-- f -->
      </class> <!-- Testcases.GetInvalidResource -->
      <class name="Testcases.GetSingleUser">
        <test-method signature="f()[pri:0, instance:Testcases.GetSingleUser@1622f1b]" started-at="2022-09-19T15:30:49 IST" name="f" finished-at="2022-09-19T15:30:50 IST" duration-ms="1487" status="PASS">
          <reporter-output>
          </reporter-output>
        </test-method> <!-- f -->
      </class> <!-- Testcases.GetSingleUser -->
      <class name="Testcases.PostUnsuccessfulLogin">
        <test-method signature="f()[pri:0, instance:Testcases.PostUnsuccessfulLogin@e056f20]" started-at="2022-09-19T15:30:59 IST" name="f" finished-at="2022-09-19T15:31:00 IST" duration-ms="776" status="PASS">
          <reporter-output>
          </reporter-output>
        </test-method> <!-- f -->
      </class> <!-- Testcases.PostUnsuccessfulLogin -->
      <class name="Testcases.PatchUpdateUserName">
        <test-method signature="f()[pri:0, instance:Testcases.PatchUpdateUserName@64cd705f]" started-at="2022-09-19T15:31:09 IST" name="f" finished-at="2022-09-19T15:31:10 IST" duration-ms="832" status="PASS">
          <reporter-output>
          </reporter-output>
        </test-method> <!-- f -->
      </class> <!-- Testcases.PatchUpdateUserName -->
      <class name="Testcases.PutUser">
        <test-method signature="f()[pri:0, instance:Testcases.PutUser@9225652]" started-at="2022-09-19T15:31:10 IST" name="f" finished-at="2022-09-19T15:31:11 IST" duration-ms="892" status="PASS">
          <reporter-output>
          </reporter-output>
        </test-method> <!-- f -->
      </class> <!-- Testcases.PutUser -->
    </test> <!-- ApiTesting -->
  </suite> <!-- Suite -->
</testng-results>
